c:\users\blond\source\repos\firstproject\learning\smartpointers\debug\vc141.pdb
c:\users\blond\source\repos\firstproject\learning\smartpointers\debug\vc141.idb
c:\users\blond\source\repos\firstproject\learning\smartpointers\debug\ptrs.obj
c:\users\blond\source\repos\firstproject\learning\debug\smartpointers.pdb
c:\users\blond\source\repos\firstproject\learning\smartpointers\debug\smartpointers.tlog\cl.command.1.tlog
c:\users\blond\source\repos\firstproject\learning\smartpointers\debug\smartpointers.tlog\cl.read.1.tlog
c:\users\blond\source\repos\firstproject\learning\smartpointers\debug\smartpointers.tlog\cl.write.1.tlog
c:\users\blond\source\repos\firstproject\learning\smartpointers\debug\smartpointers.tlog\link-cvtres.read.1.tlog
c:\users\blond\source\repos\firstproject\learning\smartpointers\debug\smartpointers.tlog\link-cvtres.write.1.tlog
c:\users\blond\source\repos\firstproject\learning\smartpointers\debug\smartpointers.tlog\link-rc.read.1.tlog
c:\users\blond\source\repos\firstproject\learning\smartpointers\debug\smartpointers.tlog\link-rc.write.1.tlog
c:\users\blond\source\repos\firstproject\learning\smartpointers\debug\smartpointers.tlog\link.5012-cvtres.read.1.tlog
c:\users\blond\source\repos\firstproject\learning\smartpointers\debug\smartpointers.tlog\link.5012-cvtres.write.1.tlog
c:\users\blond\source\repos\firstproject\learning\smartpointers\debug\smartpointers.tlog\link.5012-rc.read.1.tlog
c:\users\blond\source\repos\firstproject\learning\smartpointers\debug\smartpointers.tlog\link.5012-rc.write.1.tlog
c:\users\blond\source\repos\firstproject\learning\smartpointers\debug\smartpointers.tlog\link.5012.read.1.tlog
c:\users\blond\source\repos\firstproject\learning\smartpointers\debug\smartpointers.tlog\link.5012.write.1.tlog
c:\users\blond\source\repos\firstproject\learning\smartpointers\debug\smartpointers.tlog\link.command.1.tlog
c:\users\blond\source\repos\firstproject\learning\smartpointers\debug\smartpointers.tlog\link.read.1.tlog
c:\users\blond\source\repos\firstproject\learning\smartpointers\debug\smartpointers.tlog\link.write.1.tlog
